%!Adobe-FontList 1.14
%Locale:0x412

%BeginFont
Handler:DirectoryHandler
FontType:Invalid
OutlineFileName:D:\work\Leesohi\LSH\d_example\Font\web_gyeonggi\demo.html
FileModTime:1569284658
%EndFont

%BeginFont
Handler:DirectoryHandler
FontType:Invalid
OutlineFileName:D:\work\Leesohi\LSH\d_example\Font\web_gyeonggi\hinted-GyeonggiTitleB.eot
FileModTime:1569284608
%EndFont

%BeginFont
Handler:DirectoryHandler
FontType:Invalid
OutlineFileName:D:\work\Leesohi\LSH\d_example\Font\web_gyeonggi\hinted-GyeonggiTitleB.svg
FileModTime:1569284628
%EndFont

%BeginFont
Handler:DirectoryHandler
FontType:TrueType
FontName:GyeonggiTitleB
FamilyName:GyeonggiTitle
StyleName:Bold
FullName:GyeonggiTitle Bold
MenuName:경기천년제목 Bold
StyleBits:2
FamilyNameNative:경기천년제목
StyleNameNative:Bold
FullNameNative:경기천년제목 Bold
WritingScript:Korean
OutlineFileName:D:\work\Leesohi\LSH\d_example\Font\web_gyeonggi\hinted-GyeonggiTitleB.ttf
DataFormat:sfntData
FileLength:5708604
FileModTime:1569284608
WeightClass:700
WidthClass:5
AngleClass:0
%EndFont

%BeginFont
Handler:DirectoryHandler
FontType:Invalid
OutlineFileName:D:\work\Leesohi\LSH\d_example\Font\web_gyeonggi\hinted-GyeonggiTitleB.woff
FileModTime:1569284608
%EndFont

%BeginFont
Handler:DirectoryHandler
FontType:Invalid
OutlineFileName:D:\work\Leesohi\LSH\d_example\Font\web_gyeonggi\hinted-GyeonggiTitleB.woff2
FileModTime:1569284626
%EndFont

%BeginFont
Handler:DirectoryHandler
FontType:Invalid
OutlineFileName:D:\work\Leesohi\LSH\d_example\Font\web_gyeonggi\hinted-GyeonggiTitleL.eot
FileModTime:1569284636
%EndFont

%BeginFont
Handler:DirectoryHandler
FontType:Invalid
OutlineFileName:D:\work\Leesohi\LSH\d_example\Font\web_gyeonggi\hinted-GyeonggiTitleL.svg
FileModTime:1569284656
%EndFont

%BeginFont
Handler:DirectoryHandler
FontType:TrueType
FontName:GyeonggiTitleL
FamilyName:GyeonggiTitle
StyleName:Light
FullName:GyeonggiTitle Light
MenuName:경기천년제목 Light
StyleBits:0
FamilyNameNative:경기천년제목
StyleNameNative:Light
FullNameNative:경기천년제목 Light
WritingScript:Korean
OutlineFileName:D:\work\Leesohi\LSH\d_example\Font\web_gyeonggi\hinted-GyeonggiTitleL.ttf
DataFormat:sfntData
FileLength:5624764
FileModTime:1569284636
WeightClass:300
WidthClass:5
AngleClass:0
%EndFont

%BeginFont
Handler:DirectoryHandler
FontType:Invalid
OutlineFileName:D:\work\Leesohi\LSH\d_example\Font\web_gyeonggi\hinted-GyeonggiTitleL.woff
FileModTime:1569284638
%EndFont

%BeginFont
Handler:DirectoryHandler
FontType:Invalid
OutlineFileName:D:\work\Leesohi\LSH\d_example\Font\web_gyeonggi\hinted-GyeonggiTitleL.woff2
FileModTime:1569284656
%EndFont

%BeginFont
Handler:DirectoryHandler
FontType:Invalid
OutlineFileName:D:\work\Leesohi\LSH\d_example\Font\web_gyeonggi\hinted-GyeonggiTitleM.eot
FileModTime:1569284578
%EndFont

%BeginFont
Handler:DirectoryHandler
FontType:Invalid
OutlineFileName:D:\work\Leesohi\LSH\d_example\Font\web_gyeonggi\hinted-GyeonggiTitleM.svg
FileModTime:1569284598
%EndFont

%BeginFont
Handler:DirectoryHandler
FontType:TrueType
FontName:GyeonggiTitleM
FamilyName:GyeonggiTitle
StyleName:Medium
FullName:GyeonggiTitle Medium
MenuName:경기천년제목 Medium
StyleBits:0
FamilyNameNative:경기천년제목
StyleNameNative:Medium
FullNameNative:경기천년제목 Medium
WritingScript:Korean
OutlineFileName:D:\work\Leesohi\LSH\d_example\Font\web_gyeonggi\hinted-GyeonggiTitleM.ttf
DataFormat:sfntData
FileLength:5470704
FileModTime:1569284578
WeightClass:500
WidthClass:5
AngleClass:0
%EndFont

%BeginFont
Handler:DirectoryHandler
FontType:Invalid
OutlineFileName:D:\work\Leesohi\LSH\d_example\Font\web_gyeonggi\hinted-GyeonggiTitleM.woff
FileModTime:1569284578
%EndFont

%BeginFont
Handler:DirectoryHandler
FontType:Invalid
OutlineFileName:D:\work\Leesohi\LSH\d_example\Font\web_gyeonggi\hinted-GyeonggiTitleM.woff2
FileModTime:1569284596
%EndFont

%BeginFont
Handler:DirectoryHandler
FontType:Invalid
OutlineFileName:D:\work\Leesohi\LSH\d_example\Font\web_gyeonggi\hinted-GyeonggiTitleV.eot
FileModTime:1569284548
%EndFont

%BeginFont
Handler:DirectoryHandler
FontType:Invalid
OutlineFileName:D:\work\Leesohi\LSH\d_example\Font\web_gyeonggi\hinted-GyeonggiTitleV.svg
FileModTime:1569284570
%EndFont

%BeginFont
Handler:DirectoryHandler
FontType:TrueType
FontName:GyeonggiTitleV
FamilyName:GyeonggiTitleV
StyleName:Bold
FullName:GyeonggiTitleV Bold
MenuName:경기천년제목V Bold
StyleBits:2
FamilyNameNative:경기천년제목V
StyleNameNative:Bold
FullNameNative:경기천년제목V Bold
WritingScript:Korean
OutlineFileName:D:\work\Leesohi\LSH\d_example\Font\web_gyeonggi\hinted-GyeonggiTitleV.ttf
DataFormat:sfntData
FileLength:5770196
FileModTime:1569284548
WeightClass:700
WidthClass:5
AngleClass:0
%EndFont

%BeginFont
Handler:DirectoryHandler
FontType:Invalid
OutlineFileName:D:\work\Leesohi\LSH\d_example\Font\web_gyeonggi\hinted-GyeonggiTitleV.woff
FileModTime:1569284548
%EndFont

%BeginFont
Handler:DirectoryHandler
FontType:Invalid
OutlineFileName:D:\work\Leesohi\LSH\d_example\Font\web_gyeonggi\hinted-GyeonggiTitleV.woff2
FileModTime:1569284568
%EndFont

%BeginFont
Handler:DirectoryHandler
FontType:Invalid
OutlineFileName:D:\work\Leesohi\LSH\d_example\Font\web_gyeonggi\stylesheet.css
FileModTime:1569308155
%EndFont

%BeginFont
Handler:DirectoryHandler
FontType:Invalid
OutlineFileName:D:\work\Leesohi\LSH\d_example\Font\fontawesome\LICENSE.txt
FileModTime:1566470476
%EndFont

%BeginFont
Handler:DirectoryHandler
FontType:Invalid
OutlineFileName:D:\work\Leesohi\LSH\d_example\Font\fontawesome\webfonts\fa-brands-400.eot
FileModTime:1566470476
%EndFont

%BeginFont
Handler:DirectoryHandler
FontType:Invalid
OutlineFileName:D:\work\Leesohi\LSH\d_example\Font\fontawesome\webfonts\fa-brands-400.svg
FileModTime:1566470476
%EndFont

%BeginFont
Handler:DirectoryHandler
FontType:TrueType
FontName:FontAwesome5Brands-Regular
FamilyName:Font Awesome 5 Brands
StyleName:Regular
FullName:Font Awesome 5 Brands Regular
MenuName:Font Awesome 5 Brands Regular
StyleBits:0
WritingScript:Roman
OutlineFileName:D:\work\Leesohi\LSH\d_example\Font\fontawesome\webfonts\fa-brands-400.ttf
DataFormat:sfntData
FileLength:129284
FileModTime:1566470476
WeightClass:400
WidthClass:5
AngleClass:0
%EndFont

%BeginFont
Handler:DirectoryHandler
FontType:Invalid
OutlineFileName:D:\work\Leesohi\LSH\d_example\Font\fontawesome\webfonts\fa-brands-400.woff
FileModTime:1566470476
%EndFont

%BeginFont
Handler:DirectoryHandler
FontType:Invalid
OutlineFileName:D:\work\Leesohi\LSH\d_example\Font\fontawesome\webfonts\fa-brands-400.woff2
FileModTime:1566470476
%EndFont

%BeginFont
Handler:DirectoryHandler
FontType:Invalid
OutlineFileName:D:\work\Leesohi\LSH\d_example\Font\fontawesome\webfonts\fa-regular-400.eot
FileModTime:1566470476
%EndFont

%BeginFont
Handler:DirectoryHandler
FontType:Invalid
OutlineFileName:D:\work\Leesohi\LSH\d_example\Font\fontawesome\webfonts\fa-regular-400.svg
FileModTime:1566470476
%EndFont

%BeginFont
Handler:DirectoryHandler
FontType:TrueType
FontName:FontAwesome5Free-Regular
FamilyName:Font Awesome 5 Free
StyleName:Regular
FullName:Font Awesome 5 Free Regular
MenuName:Font Awesome 5 Free Regular
StyleBits:0
WritingScript:Roman
OutlineFileName:D:\work\Leesohi\LSH\d_example\Font\fontawesome\webfonts\fa-regular-400.ttf
DataFormat:sfntData
FileLength:34096
FileModTime:1566470476
WeightClass:400
WidthClass:5
AngleClass:0
%EndFont

%BeginFont
Handler:DirectoryHandler
FontType:Invalid
OutlineFileName:D:\work\Leesohi\LSH\d_example\Font\fontawesome\webfonts\fa-regular-400.woff
FileModTime:1566470476
%EndFont

%BeginFont
Handler:DirectoryHandler
FontType:Invalid
OutlineFileName:D:\work\Leesohi\LSH\d_example\Font\fontawesome\webfonts\fa-regular-400.woff2
FileModTime:1566470476
%EndFont

%BeginFont
Handler:DirectoryHandler
FontType:Invalid
OutlineFileName:D:\work\Leesohi\LSH\d_example\Font\fontawesome\webfonts\fa-solid-900.eot
FileModTime:1566470476
%EndFont

%BeginFont
Handler:DirectoryHandler
FontType:Invalid
OutlineFileName:D:\work\Leesohi\LSH\d_example\Font\fontawesome\webfonts\fa-solid-900.svg
FileModTime:1566470476
%EndFont

%BeginFont
Handler:DirectoryHandler
FontType:TrueType
FontName:FontAwesome5Free-Solid
FamilyName:Font Awesome 5 Free
StyleName:Solid
FullName:Font Awesome 5 Free Solid
MenuName:Font Awesome 5 Free Solid
StyleBits:0
WritingScript:Roman
OutlineFileName:D:\work\Leesohi\LSH\d_example\Font\fontawesome\webfonts\fa-solid-900.ttf
DataFormat:sfntData
FileLength:191836
FileModTime:1566470476
WeightClass:900
WidthClass:5
AngleClass:0
%EndFont

%BeginFont
Handler:DirectoryHandler
FontType:Invalid
OutlineFileName:D:\work\Leesohi\LSH\d_example\Font\fontawesome\webfonts\fa-solid-900.woff
FileModTime:1566470476
%EndFont

%BeginFont
Handler:DirectoryHandler
FontType:Invalid
OutlineFileName:D:\work\Leesohi\LSH\d_example\Font\fontawesome\webfonts\fa-solid-900.woff2
FileModTime:1566470476
%EndFont

%BeginFont
Handler:DirectoryHandler
FontType:Invalid
OutlineFileName:D:\work\Leesohi\LSH\d_example\Font\fontawesome\sprites\brands.svg
FileModTime:1566470476
%EndFont

%BeginFont
Handler:DirectoryHandler
FontType:Invalid
OutlineFileName:D:\work\Leesohi\LSH\d_example\Font\fontawesome\sprites\regular.svg
FileModTime:1566470476
%EndFont

%BeginFont
Handler:DirectoryHandler
FontType:Invalid
OutlineFileName:D:\work\Leesohi\LSH\d_example\Font\fontawesome\sprites\solid.svg
FileModTime:1566470476
%EndFont

%BeginFont
Handler:DirectoryHandler
FontType:Invalid
OutlineFileName:D:\work\Leesohi\LSH\d_example\Font\fontawesome\scss\brands.scss
FileModTime:1566470476
%EndFont

%BeginFont
Handler:DirectoryHandler
FontType:Invalid
OutlineFileName:D:\work\Leesohi\LSH\d_example\Font\fontawesome\scss\fontawesome.scss
FileModTime:1566470476
%EndFont

%BeginFont
Handler:DirectoryHandler
FontType:Invalid
OutlineFileName:D:\work\Leesohi\LSH\d_example\Font\fontawesome\scss\regular.scss
FileModTime:1566470476
%EndFont

%BeginFont
Handler:DirectoryHandler
FontType:Invalid
OutlineFileName:D:\work\Leesohi\LSH\d_example\Font\fontawesome\scss\solid.scss
FileModTime:1566470476
%EndFont

%BeginFont
Handler:DirectoryHandler
FontType:Invalid
OutlineFileName:D:\work\Leesohi\LSH\d_example\Font\fontawesome\scss\v4-shims.scss
FileModTime:1566470476
%EndFont

%BeginFont
Handler:DirectoryHandler
FontType:Invalid
OutlineFileName:D:\work\Leesohi\LSH\d_example\Font\fontawesome\scss\_animated.scss
FileModTime:1566470476
%EndFont

%BeginFont
Handler:DirectoryHandler
FontType:Invalid
OutlineFileName:D:\work\Leesohi\LSH\d_example\Font\fontawesome\scss\_bordered-pulled.scss
FileModTime:1566470476
%EndFont

%BeginFont
Handler:DirectoryHandler
FontType:Invalid
OutlineFileName:D:\work\Leesohi\LSH\d_example\Font\fontawesome\scss\_core.scss
FileModTime:1566470476
%EndFont

%BeginFont
Handler:DirectoryHandler
FontType:Invalid
OutlineFileName:D:\work\Leesohi\LSH\d_example\Font\fontawesome\scss\_fixed-width.scss
FileModTime:1566470476
%EndFont

%BeginFont
Handler:DirectoryHandler
FontType:Invalid
OutlineFileName:D:\work\Leesohi\LSH\d_example\Font\fontawesome\scss\_icons.scss
FileModTime:1566470476
%EndFont

%BeginFont
Handler:DirectoryHandler
FontType:Invalid
OutlineFileName:D:\work\Leesohi\LSH\d_example\Font\fontawesome\scss\_larger.scss
FileModTime:1566470476
%EndFont

%BeginFont
Handler:DirectoryHandler
FontType:Invalid
OutlineFileName:D:\work\Leesohi\LSH\d_example\Font\fontawesome\scss\_list.scss
FileModTime:1566470476
%EndFont

%BeginFont
Handler:DirectoryHandler
FontType:Invalid
OutlineFileName:D:\work\Leesohi\LSH\d_example\Font\fontawesome\scss\_mixins.scss
FileModTime:1566470476
%EndFont

%BeginFont
Handler:DirectoryHandler
FontType:Invalid
OutlineFileName:D:\work\Leesohi\LSH\d_example\Font\fontawesome\scss\_rotated-flipped.scss
FileModTime:1566470476
%EndFont

%BeginFont
Handler:DirectoryHandler
FontType:Invalid
OutlineFileName:D:\work\Leesohi\LSH\d_example\Font\fontawesome\scss\_screen-reader.scss
FileModTime:1566470476
%EndFont

%BeginFont
Handler:DirectoryHandler
FontType:Invalid
OutlineFileName:D:\work\Leesohi\LSH\d_example\Font\fontawesome\scss\_shims.scss
FileModTime:1566470476
%EndFont

%BeginFont
Handler:DirectoryHandler
FontType:Invalid
OutlineFileName:D:\work\Leesohi\LSH\d_example\Font\fontawesome\scss\_stacked.scss
FileModTime:1566470476
%EndFont

%BeginFont
Handler:DirectoryHandler
FontType:Invalid
OutlineFileName:D:\work\Leesohi\LSH\d_example\Font\fontawesome\scss\_variables.scss
FileModTime:1566470476
%EndFont

%BeginFont
Handler:DirectoryHandler
FontType:Invalid
OutlineFileName:D:\work\Leesohi\LSH\d_example\Font\fontawesome\metadata\categories.yml
FileModTime:1566470476
%EndFont

%BeginFont
Handler:DirectoryHandler
FontType:Invalid
OutlineFileName:D:\work\Leesohi\LSH\d_example\Font\fontawesome\metadata\icons.json
FileModTime:1566470476
%EndFont

%BeginFont
Handler:DirectoryHandler
FontType:Invalid
OutlineFileName:D:\work\Leesohi\LSH\d_example\Font\fontawesome\metadata\icons.yml
FileModTime:1566470476
%EndFont

%BeginFont
Handler:DirectoryHandler
FontType:Invalid
OutlineFileName:D:\work\Leesohi\LSH\d_example\Font\fontawesome\metadata\shims.json
FileModTime:1566470476
%EndFont

%BeginFont
Handler:DirectoryHandler
FontType:Invalid
OutlineFileName:D:\work\Leesohi\LSH\d_example\Font\fontawesome\metadata\shims.yml
FileModTime:1566470476
%EndFont

%BeginFont
Handler:DirectoryHandler
FontType:Invalid
OutlineFileName:D:\work\Leesohi\LSH\d_example\Font\fontawesome\metadata\sponsors.yml
FileModTime:1566470476
%EndFont

%BeginFont
Handler:DirectoryHandler
FontType:Invalid
OutlineFileName:D:\work\Leesohi\LSH\d_example\Font\fontawesome\less\brands.less
FileModTime:1566470476
%EndFont

%BeginFont
Handler:DirectoryHandler
FontType:Invalid
OutlineFileName:D:\work\Leesohi\LSH\d_example\Font\fontawesome\less\fontawesome.less
FileModTime:1566470476
%EndFont

%BeginFont
Handler:DirectoryHandler
FontType:Invalid
OutlineFileName:D:\work\Leesohi\LSH\d_example\Font\fontawesome\less\regular.less
FileModTime:1566470476
%EndFont

%BeginFont
Handler:DirectoryHandler
FontType:Invalid
OutlineFileName:D:\work\Leesohi\LSH\d_example\Font\fontawesome\less\solid.less
FileModTime:1566470476
%EndFont

%BeginFont
Handler:DirectoryHandler
FontType:Invalid
OutlineFileName:D:\work\Leesohi\LSH\d_example\Font\fontawesome\less\v4-shims.less
FileModTime:1566470476
%EndFont

%BeginFont
Handler:DirectoryHandler
FontType:Invalid
OutlineFileName:D:\work\Leesohi\LSH\d_example\Font\fontawesome\less\_animated.less
FileModTime:1566470476
%EndFont

%BeginFont
Handler:DirectoryHandler
FontType:Invalid
OutlineFileName:D:\work\Leesohi\LSH\d_example\Font\fontawesome\less\_bordered-pulled.less
FileModTime:1566470476
%EndFont

%BeginFont
Handler:DirectoryHandler
FontType:Invalid
OutlineFileName:D:\work\Leesohi\LSH\d_example\Font\fontawesome\less\_core.less
FileModTime:1566470476
%EndFont

%BeginFont
Handler:DirectoryHandler
FontType:Invalid
OutlineFileName:D:\work\Leesohi\LSH\d_example\Font\fontawesome\less\_fixed-width.less
FileModTime:1566470476
%EndFont

%BeginFont
Handler:DirectoryHandler
FontType:Invalid
OutlineFileName:D:\work\Leesohi\LSH\d_example\Font\fontawesome\less\_icons.less
FileModTime:1566470476
%EndFont

%BeginFont
Handler:DirectoryHandler
FontType:Invalid
OutlineFileName:D:\work\Leesohi\LSH\d_example\Font\fontawesome\less\_larger.less
FileModTime:1566470476
%EndFont

%BeginFont
Handler:DirectoryHandler
FontType:Invalid
OutlineFileName:D:\work\Leesohi\LSH\d_example\Font\fontawesome\less\_list.less
FileModTime:1566470476
%EndFont

%BeginFont
Handler:DirectoryHandler
FontType:Invalid
OutlineFileName:D:\work\Leesohi\LSH\d_example\Font\fontawesome\less\_mixins.less
FileModTime:1566470476
%EndFont

%BeginFont
Handler:DirectoryHandler
FontType:Invalid
OutlineFileName:D:\work\Leesohi\LSH\d_example\Font\fontawesome\less\_rotated-flipped.less
FileModTime:1566470476
%EndFont

%BeginFont
Handler:DirectoryHandler
FontType:Invalid
OutlineFileName:D:\work\Leesohi\LSH\d_example\Font\fontawesome\less\_screen-reader.less
FileModTime:1566470476
%EndFont

%BeginFont
Handler:DirectoryHandler
FontType:Invalid
OutlineFileName:D:\work\Leesohi\LSH\d_example\Font\fontawesome\less\_shims.less
FileModTime:1566470476
%EndFont

%BeginFont
Handler:DirectoryHandler
FontType:Invalid
OutlineFileName:D:\work\Leesohi\LSH\d_example\Font\fontawesome\less\_stacked.less
FileModTime:1566470476
%EndFont

%BeginFont
Handler:DirectoryHandler
FontType:Invalid
OutlineFileName:D:\work\Leesohi\LSH\d_example\Font\fontawesome\less\_variables.less
FileModTime:1566470476
%EndFont

%BeginFont
Handler:DirectoryHandler
FontType:Invalid
OutlineFileName:D:\work\Leesohi\LSH\d_example\Font\fontawesome\js\all.js
FileModTime:1566470476
%EndFont

%BeginFont
Handler:DirectoryHandler
FontType:Invalid
OutlineFileName:D:\work\Leesohi\LSH\d_example\Font\fontawesome\js\all.min.js
FileModTime:1566470476
%EndFont

%BeginFont
Handler:DirectoryHandler
FontType:Invalid
OutlineFileName:D:\work\Leesohi\LSH\d_example\Font\fontawesome\js\brands.js
FileModTime:1566470476
%EndFont

%BeginFont
Handler:DirectoryHandler
FontType:Invalid
OutlineFileName:D:\work\Leesohi\LSH\d_example\Font\fontawesome\js\brands.min.js
FileModTime:1566470476
%EndFont

%BeginFont
Handler:DirectoryHandler
FontType:Invalid
OutlineFileName:D:\work\Leesohi\LSH\d_example\Font\fontawesome\js\conflict-detection.js
FileModTime:1566470476
%EndFont

%BeginFont
Handler:DirectoryHandler
FontType:Invalid
OutlineFileName:D:\work\Leesohi\LSH\d_example\Font\fontawesome\js\conflict-detection.min.js
FileModTime:1566470476
%EndFont

%BeginFont
Handler:DirectoryHandler
FontType:Invalid
OutlineFileName:D:\work\Leesohi\LSH\d_example\Font\fontawesome\js\fontawesome.js
FileModTime:1566470476
%EndFont

%BeginFont
Handler:DirectoryHandler
FontType:Invalid
OutlineFileName:D:\work\Leesohi\LSH\d_example\Font\fontawesome\js\fontawesome.min.js
FileModTime:1566470476
%EndFont

%BeginFont
Handler:DirectoryHandler
FontType:Invalid
OutlineFileName:D:\work\Leesohi\LSH\d_example\Font\fontawesome\js\regular.js
FileModTime:1566470476
%EndFont

%BeginFont
Handler:DirectoryHandler
FontType:Invalid
OutlineFileName:D:\work\Leesohi\LSH\d_example\Font\fontawesome\js\regular.min.js
FileModTime:1566470476
%EndFont

%BeginFont
Handler:DirectoryHandler
FontType:Invalid
OutlineFileName:D:\work\Leesohi\LSH\d_example\Font\fontawesome\js\solid.js
FileModTime:1566470476
%EndFont

%BeginFont
Handler:DirectoryHandler
FontType:Invalid
OutlineFileName:D:\work\Leesohi\LSH\d_example\Font\fontawesome\js\solid.min.js
FileModTime:1566470476
%EndFont

%BeginFont
Handler:DirectoryHandler
FontType:Invalid
OutlineFileName:D:\work\Leesohi\LSH\d_example\Font\fontawesome\js\v4-shims.js
FileModTime:1566470476
%EndFont

%BeginFont
Handler:DirectoryHandler
FontType:Invalid
OutlineFileName:D:\work\Leesohi\LSH\d_example\Font\fontawesome\js\v4-shims.min.js
FileModTime:1566470476
%EndFont

%BeginFont
Handler:DirectoryHandler
FontType:Invalid
OutlineFileName:D:\work\Leesohi\LSH\d_example\Font\fontawesome\css\all.css
FileModTime:1566470476
%EndFont

%BeginFont
Handler:DirectoryHandler
FontType:Invalid
OutlineFileName:D:\work\Leesohi\LSH\d_example\Font\fontawesome\css\all.min.css
FileModTime:1566470476
%EndFont

%BeginFont
Handler:DirectoryHandler
FontType:Invalid
OutlineFileName:D:\work\Leesohi\LSH\d_example\Font\fontawesome\css\brands.css
FileModTime:1566470476
%EndFont

%BeginFont
Handler:DirectoryHandler
FontType:Invalid
OutlineFileName:D:\work\Leesohi\LSH\d_example\Font\fontawesome\css\brands.min.css
FileModTime:1566470476
%EndFont

%BeginFont
Handler:DirectoryHandler
FontType:Invalid
OutlineFileName:D:\work\Leesohi\LSH\d_example\Font\fontawesome\css\fontawesome.css
FileModTime:1566470476
%EndFont

%BeginFont
Handler:DirectoryHandler
FontType:Invalid
OutlineFileName:D:\work\Leesohi\LSH\d_example\Font\fontawesome\css\fontawesome.min.css
FileModTime:1566470476
%EndFont

%BeginFont
Handler:DirectoryHandler
FontType:Invalid
OutlineFileName:D:\work\Leesohi\LSH\d_example\Font\fontawesome\css\regular.css
FileModTime:1566470476
%EndFont

%BeginFont
Handler:DirectoryHandler
FontType:Invalid
OutlineFileName:D:\work\Leesohi\LSH\d_example\Font\fontawesome\css\regular.min.css
FileModTime:1566470476
%EndFont

%BeginFont
Handler:DirectoryHandler
FontType:Invalid
OutlineFileName:D:\work\Leesohi\LSH\d_example\Font\fontawesome\css\solid.css
FileModTime:1566470476
%EndFont

%BeginFont
Handler:DirectoryHandler
FontType:Invalid
OutlineFileName:D:\work\Leesohi\LSH\d_example\Font\fontawesome\css\solid.min.css
FileModTime:1566470476
%EndFont

%BeginFont
Handler:DirectoryHandler
FontType:Invalid
OutlineFileName:D:\work\Leesohi\LSH\d_example\Font\fontawesome\css\svg-with-js.css
FileModTime:1566470476
%EndFont

%BeginFont
Handler:DirectoryHandler
FontType:Invalid
OutlineFileName:D:\work\Leesohi\LSH\d_example\Font\fontawesome\css\svg-with-js.min.css
FileModTime:1566470476
%EndFont

%BeginFont
Handler:DirectoryHandler
FontType:Invalid
OutlineFileName:D:\work\Leesohi\LSH\d_example\Font\fontawesome\css\v4-shims.css
FileModTime:1566470476
%EndFont

%BeginFont
Handler:DirectoryHandler
FontType:Invalid
OutlineFileName:D:\work\Leesohi\LSH\d_example\Font\fontawesome\css\v4-shims.min.css
FileModTime:1566470476
%EndFont

%BeginFont
Handler:DirectoryHandler
FontType:Invalid
OutlineFileName:D:\work\Leesohi\LSH\d_example\Font\dohyeon\demo.html
FileModTime:1569283500
%EndFont

%BeginFont
Handler:DirectoryHandler
FontType:Invalid
OutlineFileName:D:\work\Leesohi\LSH\d_example\Font\dohyeon\hinted-BMDoHyeon.eot
FileModTime:1569283492
%EndFont

%BeginFont
Handler:DirectoryHandler
FontType:Invalid
OutlineFileName:D:\work\Leesohi\LSH\d_example\Font\dohyeon\hinted-BMDoHyeon.svg
FileModTime:1569283500
%EndFont

%BeginFont
Handler:DirectoryHandler
FontType:TrueType
FontName:BMDoHyeon
FamilyName:BM DoHyeon
StyleName:Regular
FullName:BM DoHyeon
MenuName:배달의민족 도현
StyleBits:0
FamilyNameNative:배달의민족 도현
StyleNameNative:Regular
FullNameNative:배달의민족 도현
WritingScript:Korean
OutlineFileName:D:\work\Leesohi\LSH\d_example\Font\dohyeon\hinted-BMDoHyeon.ttf
DataFormat:sfntData
FileLength:1307992
FileModTime:1569283492
WeightClass:400
WidthClass:5
AngleClass:0
%EndFont

%BeginFont
Handler:DirectoryHandler
FontType:Invalid
OutlineFileName:D:\work\Leesohi\LSH\d_example\Font\dohyeon\hinted-BMDoHyeon.woff
FileModTime:1569283492
%EndFont

%BeginFont
Handler:DirectoryHandler
FontType:Invalid
OutlineFileName:D:\work\Leesohi\LSH\d_example\Font\dohyeon\hinted-BMDoHyeon.woff2
FileModTime:1569283500
%EndFont

%BeginFont
Handler:DirectoryHandler
FontType:Invalid
OutlineFileName:D:\work\Leesohi\LSH\d_example\Font\dohyeon\stylesheet.css
FileModTime:1569307064
%EndFont

